<?xml version="1.0" encoding="UTF-8"?>
<!-- Generated by org.testng.reporters.JUnitXMLReporter -->
<testsuite ignored="0" hostname="LAPTOP-I9VA5NP4" failures="0" tests="21" name="Testscripts" time="491.008" errors="0" timestamp="2022-11-28T20:30:44 IST">
  <testcase classname="com.angola.testscripts.TC001" name="EnterUrl" time="0.035"/>
  <testcase classname="com.angola.testscripts.TC002" name="EnterEmailID" time="3.383"/>
  <testcase classname="com.angola.testscripts.TC003" name="EnterPassword" time="3.192"/>
  <testcase classname="com.angola.testscripts.TC004" name="ClickOnLogin" time="8.658"/>
  <testcase classname="com.angola.testscripts.TC005" name="ClickonCategories" time="19.976"/>
  <testcase classname="com.angola.testscripts.TC006" name="ClickOnSearch" time="16.577"/>
  <testcase classname="com.angola.testscripts.TC007" name="EnterServices" time="15.036"/>
  <testcase classname="com.angola.testscripts.TC008" name="AddCategories" time="13.922"/>
  <testcase classname="com.angola.testscripts.TC009" name="AddCategoryChecked" time="35.075"/>
  <testcase classname="com.angola.testscripts.TC010" name="clickOnEdit" time="14.938"/>
  <testcase classname="com.angola.testscripts.TC011" name="ClickonUpdate" time="21.209"/>
  <testcase classname="com.angola.testscripts.TC012" name="ClickOnUser" time="13.093"/>
  <testcase classname="com.angola.testscripts.TC013" name="ClickOnActiveUser" time="17.31"/>
  <testcase classname="com.angola.testscripts.TC014" name="ClickOnBlockedUSer" time="21.573"/>
  <testcase classname="com.angola.testscripts.TC015" name="ClickOnAdListing" time="9.92"/>
  <testcase classname="com.angola.testscripts.TC016" name="ClickOnNewAds" time="13.026"/>
  <testcase classname="com.angola.testscripts.TC017" name="ClickOnActiveAds" time="16.239"/>
  <testcase classname="com.angola.testscripts.TC018" name="ClickOnDeactivateAds" time="20.425"/>
  <testcase classname="com.angola.testscripts.TC019" name="ClickOnBanner" time="10.805"/>
  <testcase classname="com.angola.testscripts.TC020" name="ClickOnPushNotification" time="9.79"/>
  <testcase classname="com.angola.testscripts.TC021" name="ClickOnLogout" time="8.823"/>
</testsuite> <!-- Testscripts -->
