<?xml version="1.0" encoding="UTF-8"?>
<testng-results ignored="0" total="21" passed="21" failed="0" skipped="0">
  <reporter-output>
  </reporter-output>
  <suite started-at="2022-11-28T20:22:33 IST" name="Testcases Result" finished-at="2022-11-28T20:30:44 IST" duration-ms="491008">
    <groups>
      <group name="Push Notification">
        <method signature="TC020.ClickOnPushNotification()[pri:20, instance:com.angola.testscripts.TC020@17f62e33]" name="ClickOnPushNotification" class="com.angola.testscripts.TC020"/>
      </group> <!-- Push Notification -->
      <group name="Categories">
        <method signature="TC005.ClickonCategories()[pri:5, instance:com.angola.testscripts.TC005@5b1669c0]" name="ClickonCategories" class="com.angola.testscripts.TC005"/>
        <method signature="TC006.ClickOnSearch()[pri:6, instance:com.angola.testscripts.TC006@78e4deb0]" name="ClickOnSearch" class="com.angola.testscripts.TC006"/>
        <method signature="TC007.EnterServices()[pri:7, instance:com.angola.testscripts.TC007@6e9175d8]" name="EnterServices" class="com.angola.testscripts.TC007"/>
        <method signature="TC008.AddCategories()[pri:8, instance:com.angola.testscripts.TC008@7d0b7e3c]" name="AddCategories" class="com.angola.testscripts.TC008"/>
        <method signature="TC009.AddCategoryChecked()[pri:9, instance:com.angola.testscripts.TC009@15bb5034]" name="AddCategoryChecked" class="com.angola.testscripts.TC009"/>
        <method signature="TC010.clickOnEdit()[pri:10, instance:com.angola.testscripts.TC010@4b741d6d]" name="clickOnEdit" class="com.angola.testscripts.TC010"/>
        <method signature="TC011.ClickonUpdate()[pri:11, instance:com.angola.testscripts.TC011@2eae8e6e]" name="ClickonUpdate" class="com.angola.testscripts.TC011"/>
      </group> <!-- Categories -->
      <group name="Banner">
        <method signature="TC019.ClickOnBanner()[pri:19, instance:com.angola.testscripts.TC019@74ea2410]" name="ClickOnBanner" class="com.angola.testscripts.TC019"/>
      </group> <!-- Banner -->
      <group name="Logout">
        <method signature="TC021.ClickOnLogout()[pri:21, instance:com.angola.testscripts.TC021@76b1e9b8]" name="ClickOnLogout" class="com.angola.testscripts.TC021"/>
      </group> <!-- Logout -->
      <group name="Users">
        <method signature="TC012.ClickOnUser()[pri:12, instance:com.angola.testscripts.TC012@8f2ef19]" name="ClickOnUser" class="com.angola.testscripts.TC012"/>
        <method signature="TC013.ClickOnActiveUser()[pri:13, instance:com.angola.testscripts.TC013@470734c3]" name="ClickOnActiveUser" class="com.angola.testscripts.TC013"/>
        <method signature="TC014.ClickOnBlockedUSer()[pri:14, instance:com.angola.testscripts.TC014@2cf3d63b]" name="ClickOnBlockedUSer" class="com.angola.testscripts.TC014"/>
      </group> <!-- Users -->
      <group name="Login">
        <method signature="TC001.EnterUrl()[pri:1, instance:com.angola.testscripts.TC001@51c668e3]" name="EnterUrl" class="com.angola.testscripts.TC001"/>
        <method signature="TC002.EnterEmailID()[pri:2, instance:com.angola.testscripts.TC002@53fe15ff]" name="EnterEmailID" class="com.angola.testscripts.TC002"/>
        <method signature="TC003.EnterPassword()[pri:3, instance:com.angola.testscripts.TC003@449a4f23]" name="EnterPassword" class="com.angola.testscripts.TC003"/>
        <method signature="TC004.ClickOnLogin()[pri:4, instance:com.angola.testscripts.TC004@1530c739]" name="ClickOnLogin" class="com.angola.testscripts.TC004"/>
      </group> <!-- Login -->
      <group name="Ad Listing">
        <method signature="TC015.ClickOnAdListing()[pri:15, instance:com.angola.testscripts.TC015@7674f035]" name="ClickOnAdListing" class="com.angola.testscripts.TC015"/>
        <method signature="TC016.ClickOnNewAds()[pri:16, instance:com.angola.testscripts.TC016@69e153c5]" name="ClickOnNewAds" class="com.angola.testscripts.TC016"/>
        <method signature="TC017.ClickOnActiveAds()[pri:17, instance:com.angola.testscripts.TC017@173ed316]" name="ClickOnActiveAds" class="com.angola.testscripts.TC017"/>
        <method signature="TC018.ClickOnDeactivateAds()[pri:18, instance:com.angola.testscripts.TC018@25ce9dc4]" name="ClickOnDeactivateAds" class="com.angola.testscripts.TC018"/>
      </group> <!-- Ad Listing -->
    </groups>
    <test started-at="2022-11-28T20:22:33 IST" name="Testscripts" finished-at="2022-11-28T20:30:44 IST" duration-ms="491008">
      <class name="com.angola.testscripts.TC013">
        <test-method is-config="true" signature="setup()[pri:0, instance:com.angola.testscripts.TC013@470734c3]" started-at="2022-11-28T20:26:49 IST" name="setup" finished-at="2022-11-28T20:26:57 IST" duration-ms="8201" status="PASS">
          <reporter-output>
          </reporter-output>
        </test-method> <!-- setup -->
        <test-method signature="ClickOnActiveUser()[pri:13, instance:com.angola.testscripts.TC013@470734c3]" started-at="2022-11-28T20:26:57 IST" name="ClickOnActiveUser" finished-at="2022-11-28T20:27:14 IST" duration-ms="17310" status="PASS">
          <reporter-output>
          </reporter-output>
        </test-method> <!-- ClickOnActiveUser -->
        <test-method is-config="true" signature="ClickOnLogout()[pri:0, instance:com.angola.testscripts.TC013@470734c3]" started-at="2022-11-28T20:27:14 IST" name="ClickOnLogout" finished-at="2022-11-28T20:27:17 IST" duration-ms="3432" status="PASS">
          <reporter-output>
          </reporter-output>
        </test-method> <!-- ClickOnLogout -->
      </class> <!-- com.angola.testscripts.TC013 -->
      <class name="com.angola.testscripts.TC002">
        <test-method is-config="true" signature="setup()[pri:0, instance:com.angola.testscripts.TC002@53fe15ff]" started-at="2022-11-28T20:22:43 IST" name="setup" finished-at="2022-11-28T20:22:49 IST" duration-ms="5627" status="PASS">
          <reporter-output>
          </reporter-output>
        </test-method> <!-- setup -->
        <test-method signature="EnterEmailID()[pri:2, instance:com.angola.testscripts.TC002@53fe15ff]" started-at="2022-11-28T20:22:49 IST" name="EnterEmailID" finished-at="2022-11-28T20:22:52 IST" duration-ms="3383" status="PASS">
          <reporter-output>
          </reporter-output>
        </test-method> <!-- EnterEmailID -->
        <test-method is-config="true" signature="logout()[pri:0, instance:com.angola.testscripts.TC002@53fe15ff]" started-at="2022-11-28T20:22:52 IST" name="logout" finished-at="2022-11-28T20:22:53 IST" duration-ms="301" status="PASS">
          <reporter-output>
          </reporter-output>
        </test-method> <!-- logout -->
      </class> <!-- com.angola.testscripts.TC002 -->
      <class name="com.angola.testscripts.TC014">
        <test-method is-config="true" signature="setup()[pri:0, instance:com.angola.testscripts.TC014@2cf3d63b]" started-at="2022-11-28T20:27:17 IST" name="setup" finished-at="2022-11-28T20:27:26 IST" duration-ms="8216" status="PASS">
          <reporter-output>
          </reporter-output>
        </test-method> <!-- setup -->
        <test-method signature="ClickOnBlockedUSer()[pri:14, instance:com.angola.testscripts.TC014@2cf3d63b]" started-at="2022-11-28T20:27:26 IST" name="ClickOnBlockedUSer" finished-at="2022-11-28T20:27:47 IST" duration-ms="21573" status="PASS">
          <reporter-output>
          </reporter-output>
        </test-method> <!-- ClickOnBlockedUSer -->
        <test-method is-config="true" signature="ClickOnLogout()[pri:0, instance:com.angola.testscripts.TC014@2cf3d63b]" started-at="2022-11-28T20:27:47 IST" name="ClickOnLogout" finished-at="2022-11-28T20:27:51 IST" duration-ms="3510" status="PASS">
          <reporter-output>
          </reporter-output>
        </test-method> <!-- ClickOnLogout -->
      </class> <!-- com.angola.testscripts.TC014 -->
      <class name="com.angola.testscripts.TC003">
        <test-method is-config="true" signature="setup()[pri:0, instance:com.angola.testscripts.TC003@449a4f23]" started-at="2022-11-28T20:22:53 IST" name="setup" finished-at="2022-11-28T20:22:58 IST" duration-ms="5477" status="PASS">
          <reporter-output>
          </reporter-output>
        </test-method> <!-- setup -->
        <test-method signature="EnterPassword()[pri:3, instance:com.angola.testscripts.TC003@449a4f23]" started-at="2022-11-28T20:22:58 IST" name="EnterPassword" finished-at="2022-11-28T20:23:01 IST" duration-ms="3192" status="PASS">
          <reporter-output>
          </reporter-output>
        </test-method> <!-- EnterPassword -->
        <test-method is-config="true" signature="logout()[pri:0, instance:com.angola.testscripts.TC003@449a4f23]" started-at="2022-11-28T20:23:01 IST" name="logout" finished-at="2022-11-28T20:23:01 IST" duration-ms="259" status="PASS">
          <reporter-output>
          </reporter-output>
        </test-method> <!-- logout -->
      </class> <!-- com.angola.testscripts.TC003 -->
      <class name="com.angola.testscripts.TC015">
        <test-method is-config="true" signature="setup()[pri:0, instance:com.angola.testscripts.TC015@7674f035]" started-at="2022-11-28T20:27:51 IST" name="setup" finished-at="2022-11-28T20:27:59 IST" duration-ms="8404" status="PASS">
          <reporter-output>
          </reporter-output>
        </test-method> <!-- setup -->
        <test-method signature="ClickOnAdListing()[pri:15, instance:com.angola.testscripts.TC015@7674f035]" started-at="2022-11-28T20:27:59 IST" name="ClickOnAdListing" finished-at="2022-11-28T20:28:09 IST" duration-ms="9920" status="PASS">
          <reporter-output>
          </reporter-output>
        </test-method> <!-- ClickOnAdListing -->
        <test-method is-config="true" signature="ClickOnLogout()[pri:0, instance:com.angola.testscripts.TC015@7674f035]" started-at="2022-11-28T20:28:09 IST" name="ClickOnLogout" finished-at="2022-11-28T20:28:12 IST" duration-ms="3367" status="PASS">
          <reporter-output>
          </reporter-output>
        </test-method> <!-- ClickOnLogout -->
      </class> <!-- com.angola.testscripts.TC015 -->
      <class name="com.angola.testscripts.TC004">
        <test-method is-config="true" signature="setup()[pri:0, instance:com.angola.testscripts.TC004@1530c739]" started-at="2022-11-28T20:23:01 IST" name="setup" finished-at="2022-11-28T20:23:11 IST" duration-ms="9409" status="PASS">
          <reporter-output>
          </reporter-output>
        </test-method> <!-- setup -->
        <test-method signature="ClickOnLogin()[pri:4, instance:com.angola.testscripts.TC004@1530c739]" started-at="2022-11-28T20:23:11 IST" name="ClickOnLogin" finished-at="2022-11-28T20:23:20 IST" duration-ms="8658" status="PASS">
          <reporter-output>
          </reporter-output>
        </test-method> <!-- ClickOnLogin -->
        <test-method is-config="true" signature="logout()[pri:0, instance:com.angola.testscripts.TC004@1530c739]" started-at="2022-11-28T20:23:20 IST" name="logout" finished-at="2022-11-28T20:23:20 IST" duration-ms="311" status="PASS">
          <reporter-output>
          </reporter-output>
        </test-method> <!-- logout -->
      </class> <!-- com.angola.testscripts.TC004 -->
      <class name="com.angola.testscripts.TC016">
        <test-method is-config="true" signature="setup()[pri:0, instance:com.angola.testscripts.TC016@69e153c5]" started-at="2022-11-28T20:28:12 IST" name="setup" finished-at="2022-11-28T20:28:20 IST" duration-ms="7948" status="PASS">
          <reporter-output>
          </reporter-output>
        </test-method> <!-- setup -->
        <test-method signature="ClickOnNewAds()[pri:16, instance:com.angola.testscripts.TC016@69e153c5]" started-at="2022-11-28T20:28:20 IST" name="ClickOnNewAds" finished-at="2022-11-28T20:28:33 IST" duration-ms="13026" status="PASS">
          <reporter-output>
          </reporter-output>
        </test-method> <!-- ClickOnNewAds -->
        <test-method is-config="true" signature="ClickOnLogout()[pri:0, instance:com.angola.testscripts.TC016@69e153c5]" started-at="2022-11-28T20:28:33 IST" name="ClickOnLogout" finished-at="2022-11-28T20:28:37 IST" duration-ms="3416" status="PASS">
          <reporter-output>
          </reporter-output>
        </test-method> <!-- ClickOnLogout -->
      </class> <!-- com.angola.testscripts.TC016 -->
      <class name="com.angola.testscripts.TC005">
        <test-method is-config="true" signature="setup()[pri:0, instance:com.angola.testscripts.TC005@5b1669c0]" started-at="2022-11-28T20:23:20 IST" name="setup" finished-at="2022-11-28T20:23:26 IST" duration-ms="5692" status="PASS">
          <reporter-output>
          </reporter-output>
        </test-method> <!-- setup -->
        <test-method signature="ClickonCategories()[pri:5, instance:com.angola.testscripts.TC005@5b1669c0]" started-at="2022-11-28T20:23:26 IST" name="ClickonCategories" finished-at="2022-11-28T20:23:46 IST" duration-ms="19976" status="PASS">
          <reporter-output>
          </reporter-output>
        </test-method> <!-- ClickonCategories -->
        <test-method is-config="true" signature="logout()[pri:0, instance:com.angola.testscripts.TC005@5b1669c0]" started-at="2022-11-28T20:23:46 IST" name="logout" finished-at="2022-11-28T20:23:46 IST" duration-ms="232" status="PASS">
          <reporter-output>
          </reporter-output>
        </test-method> <!-- logout -->
      </class> <!-- com.angola.testscripts.TC005 -->
      <class name="com.angola.testscripts.TC020">
        <test-method is-config="true" signature="setup()[pri:0, instance:com.angola.testscripts.TC020@17f62e33]" started-at="2022-11-28T20:29:59 IST" name="setup" finished-at="2022-11-28T20:30:07 IST" duration-ms="8244" status="PASS">
          <reporter-output>
          </reporter-output>
        </test-method> <!-- setup -->
        <test-method signature="ClickOnPushNotification()[pri:20, instance:com.angola.testscripts.TC020@17f62e33]" started-at="2022-11-28T20:30:07 IST" name="ClickOnPushNotification" finished-at="2022-11-28T20:30:17 IST" duration-ms="9790" status="PASS">
          <reporter-output>
          </reporter-output>
        </test-method> <!-- ClickOnPushNotification -->
        <test-method is-config="true" signature="ClickOnLogout()[pri:0, instance:com.angola.testscripts.TC020@17f62e33]" started-at="2022-11-28T20:30:17 IST" name="ClickOnLogout" finished-at="2022-11-28T20:30:21 IST" duration-ms="3407" status="PASS">
          <reporter-output>
          </reporter-output>
        </test-method> <!-- ClickOnLogout -->
      </class> <!-- com.angola.testscripts.TC020 -->
      <class name="com.angola.testscripts.TC021">
        <test-method is-config="true" signature="setup()[pri:0, instance:com.angola.testscripts.TC021@76b1e9b8]" started-at="2022-11-28T20:30:21 IST" name="setup" finished-at="2022-11-28T20:30:32 IST" duration-ms="11302" status="PASS">
          <reporter-output>
          </reporter-output>
        </test-method> <!-- setup -->
        <test-method signature="ClickOnLogout()[pri:21, instance:com.angola.testscripts.TC021@76b1e9b8]" started-at="2022-11-28T20:30:32 IST" name="ClickOnLogout" finished-at="2022-11-28T20:30:41 IST" duration-ms="8823" status="PASS">
          <reporter-output>
          </reporter-output>
        </test-method> <!-- ClickOnLogout -->
        <test-method is-config="true" signature="Logout()[pri:0, instance:com.angola.testscripts.TC021@76b1e9b8]" started-at="2022-11-28T20:30:41 IST" name="Logout" finished-at="2022-11-28T20:30:44 IST" duration-ms="3379" status="PASS">
          <reporter-output>
          </reporter-output>
        </test-method> <!-- Logout -->
      </class> <!-- com.angola.testscripts.TC021 -->
      <class name="com.angola.testscripts.TC010">
        <test-method is-config="true" signature="setup()[pri:0, instance:com.angola.testscripts.TC010@4b741d6d]" started-at="2022-11-28T20:25:29 IST" name="setup" finished-at="2022-11-28T20:25:35 IST" duration-ms="5115" status="PASS">
          <reporter-output>
          </reporter-output>
        </test-method> <!-- setup -->
        <test-method signature="clickOnEdit()[pri:10, instance:com.angola.testscripts.TC010@4b741d6d]" started-at="2022-11-28T20:25:35 IST" name="clickOnEdit" finished-at="2022-11-28T20:25:50 IST" duration-ms="14938" status="PASS">
          <reporter-output>
          </reporter-output>
        </test-method> <!-- clickOnEdit -->
        <test-method is-config="true" signature="logout()[pri:0, instance:com.angola.testscripts.TC010@4b741d6d]" started-at="2022-11-28T20:25:50 IST" name="logout" finished-at="2022-11-28T20:25:50 IST" duration-ms="344" status="PASS">
          <reporter-output>
          </reporter-output>
        </test-method> <!-- logout -->
      </class> <!-- com.angola.testscripts.TC010 -->
      <class name="com.angola.testscripts.TC011">
        <test-method is-config="true" signature="setup()[pri:0, instance:com.angola.testscripts.TC011@2eae8e6e]" started-at="2022-11-28T20:25:50 IST" name="setup" finished-at="2022-11-28T20:25:59 IST" duration-ms="9313" status="PASS">
          <reporter-output>
          </reporter-output>
        </test-method> <!-- setup -->
        <test-method signature="ClickonUpdate()[pri:11, instance:com.angola.testscripts.TC011@2eae8e6e]" started-at="2022-11-28T20:25:59 IST" name="ClickonUpdate" finished-at="2022-11-28T20:26:20 IST" duration-ms="21209" status="PASS">
          <reporter-output>
          </reporter-output>
        </test-method> <!-- ClickonUpdate -->
        <test-method is-config="true" signature="ClickOnLogout()[pri:0, instance:com.angola.testscripts.TC011@2eae8e6e]" started-at="2022-11-28T20:26:20 IST" name="ClickOnLogout" finished-at="2022-11-28T20:26:24 IST" duration-ms="3445" status="PASS">
          <reporter-output>
          </reporter-output>
        </test-method> <!-- ClickOnLogout -->
      </class> <!-- com.angola.testscripts.TC011 -->
      <class name="com.angola.testscripts.TC012">
        <test-method is-config="true" signature="setup()[pri:0, instance:com.angola.testscripts.TC012@8f2ef19]" started-at="2022-11-28T20:26:24 IST" name="setup" finished-at="2022-11-28T20:26:32 IST" duration-ms="8100" status="PASS">
          <reporter-output>
          </reporter-output>
        </test-method> <!-- setup -->
        <test-method signature="ClickOnUser()[pri:12, instance:com.angola.testscripts.TC012@8f2ef19]" started-at="2022-11-28T20:26:32 IST" name="ClickOnUser" finished-at="2022-11-28T20:26:45 IST" duration-ms="13093" status="PASS">
          <reporter-output>
          </reporter-output>
        </test-method> <!-- ClickOnUser -->
        <test-method is-config="true" signature="ClickOnLogout()[pri:0, instance:com.angola.testscripts.TC012@8f2ef19]" started-at="2022-11-28T20:26:45 IST" name="ClickOnLogout" finished-at="2022-11-28T20:26:49 IST" duration-ms="3497" status="PASS">
          <reporter-output>
          </reporter-output>
        </test-method> <!-- ClickOnLogout -->
      </class> <!-- com.angola.testscripts.TC012 -->
      <class name="com.angola.testscripts.TC001">
        <test-method is-config="true" signature="setup()[pri:0, instance:com.angola.testscripts.TC001@51c668e3]" started-at="2022-11-28T20:22:33 IST" name="setup" finished-at="2022-11-28T20:22:43 IST" duration-ms="9653" status="PASS">
          <reporter-output>
          </reporter-output>
        </test-method> <!-- setup -->
        <test-method signature="EnterUrl()[pri:1, instance:com.angola.testscripts.TC001@51c668e3]" started-at="2022-11-28T20:22:43 IST" name="EnterUrl" finished-at="2022-11-28T20:22:43 IST" duration-ms="35" status="PASS">
          <reporter-output>
          </reporter-output>
        </test-method> <!-- EnterUrl -->
        <test-method is-config="true" signature="logout()[pri:0, instance:com.angola.testscripts.TC001@51c668e3]" started-at="2022-11-28T20:22:43 IST" name="logout" finished-at="2022-11-28T20:22:43 IST" duration-ms="216" status="PASS">
          <reporter-output>
          </reporter-output>
        </test-method> <!-- logout -->
      </class> <!-- com.angola.testscripts.TC001 -->
      <class name="com.angola.testscripts.TC017">
        <test-method is-config="true" signature="setup()[pri:0, instance:com.angola.testscripts.TC017@173ed316]" started-at="2022-11-28T20:28:37 IST" name="setup" finished-at="2022-11-28T20:28:45 IST" duration-ms="8462" status="PASS">
          <reporter-output>
          </reporter-output>
        </test-method> <!-- setup -->
        <test-method signature="ClickOnActiveAds()[pri:17, instance:com.angola.testscripts.TC017@173ed316]" started-at="2022-11-28T20:28:45 IST" name="ClickOnActiveAds" finished-at="2022-11-28T20:29:02 IST" duration-ms="16239" status="PASS">
          <reporter-output>
          </reporter-output>
        </test-method> <!-- ClickOnActiveAds -->
        <test-method is-config="true" signature="ClickOnLogout()[pri:0, instance:com.angola.testscripts.TC017@173ed316]" started-at="2022-11-28T20:29:02 IST" name="ClickOnLogout" finished-at="2022-11-28T20:29:05 IST" duration-ms="3457" status="PASS">
          <reporter-output>
          </reporter-output>
        </test-method> <!-- ClickOnLogout -->
      </class> <!-- com.angola.testscripts.TC017 -->
      <class name="com.angola.testscripts.TC006">
        <test-method is-config="true" signature="setup()[pri:0, instance:com.angola.testscripts.TC006@78e4deb0]" started-at="2022-11-28T20:23:46 IST" name="setup" finished-at="2022-11-28T20:23:51 IST" duration-ms="5350" status="PASS">
          <reporter-output>
          </reporter-output>
        </test-method> <!-- setup -->
        <test-method signature="ClickOnSearch()[pri:6, instance:com.angola.testscripts.TC006@78e4deb0]" started-at="2022-11-28T20:23:51 IST" name="ClickOnSearch" finished-at="2022-11-28T20:24:08 IST" duration-ms="16577" status="PASS">
          <reporter-output>
          </reporter-output>
        </test-method> <!-- ClickOnSearch -->
        <test-method is-config="true" signature="logout()[pri:0, instance:com.angola.testscripts.TC006@78e4deb0]" started-at="2022-11-28T20:24:08 IST" name="logout" finished-at="2022-11-28T20:24:08 IST" duration-ms="336" status="PASS">
          <reporter-output>
          </reporter-output>
        </test-method> <!-- logout -->
      </class> <!-- com.angola.testscripts.TC006 -->
      <class name="com.angola.testscripts.TC018">
        <test-method is-config="true" signature="setup()[pri:0, instance:com.angola.testscripts.TC018@25ce9dc4]" started-at="2022-11-28T20:29:05 IST" name="setup" finished-at="2022-11-28T20:29:13 IST" duration-ms="8051" status="PASS">
          <reporter-output>
          </reporter-output>
        </test-method> <!-- setup -->
        <test-method signature="ClickOnDeactivateAds()[pri:18, instance:com.angola.testscripts.TC018@25ce9dc4]" started-at="2022-11-28T20:29:13 IST" name="ClickOnDeactivateAds" finished-at="2022-11-28T20:29:33 IST" duration-ms="20425" status="PASS">
          <reporter-output>
          </reporter-output>
        </test-method> <!-- ClickOnDeactivateAds -->
        <test-method is-config="true" signature="ClickOnLogout()[pri:0, instance:com.angola.testscripts.TC018@25ce9dc4]" started-at="2022-11-28T20:29:33 IST" name="ClickOnLogout" finished-at="2022-11-28T20:29:37 IST" duration-ms="3374" status="PASS">
          <reporter-output>
          </reporter-output>
        </test-method> <!-- ClickOnLogout -->
      </class> <!-- com.angola.testscripts.TC018 -->
      <class name="com.angola.testscripts.TC007">
        <test-method is-config="true" signature="setup()[pri:0, instance:com.angola.testscripts.TC007@6e9175d8]" started-at="2022-11-28T20:24:08 IST" name="setup" finished-at="2022-11-28T20:24:13 IST" duration-ms="5339" status="PASS">
          <reporter-output>
          </reporter-output>
        </test-method> <!-- setup -->
        <test-method signature="EnterServices()[pri:7, instance:com.angola.testscripts.TC007@6e9175d8]" started-at="2022-11-28T20:24:13 IST" name="EnterServices" finished-at="2022-11-28T20:24:28 IST" duration-ms="15036" status="PASS">
          <reporter-output>
          </reporter-output>
        </test-method> <!-- EnterServices -->
        <test-method is-config="true" signature="logout()[pri:0, instance:com.angola.testscripts.TC007@6e9175d8]" started-at="2022-11-28T20:24:28 IST" name="logout" finished-at="2022-11-28T20:24:29 IST" duration-ms="400" status="PASS">
          <reporter-output>
          </reporter-output>
        </test-method> <!-- logout -->
      </class> <!-- com.angola.testscripts.TC007 -->
      <class name="com.angola.testscripts.TC019">
        <test-method is-config="true" signature="setup()[pri:0, instance:com.angola.testscripts.TC019@74ea2410]" started-at="2022-11-28T20:29:37 IST" name="setup" finished-at="2022-11-28T20:29:45 IST" duration-ms="8106" status="PASS">
          <reporter-output>
          </reporter-output>
        </test-method> <!-- setup -->
        <test-method signature="ClickOnBanner()[pri:19, instance:com.angola.testscripts.TC019@74ea2410]" started-at="2022-11-28T20:29:45 IST" name="ClickOnBanner" finished-at="2022-11-28T20:29:56 IST" duration-ms="10805" status="PASS">
          <reporter-output>
          </reporter-output>
        </test-method> <!-- ClickOnBanner -->
        <test-method is-config="true" signature="ClickOnLogout()[pri:0, instance:com.angola.testscripts.TC019@74ea2410]" started-at="2022-11-28T20:29:56 IST" name="ClickOnLogout" finished-at="2022-11-28T20:29:59 IST" duration-ms="3407" status="PASS">
          <reporter-output>
          </reporter-output>
        </test-method> <!-- ClickOnLogout -->
      </class> <!-- com.angola.testscripts.TC019 -->
      <class name="com.angola.testscripts.TC008">
        <test-method is-config="true" signature="setup()[pri:0, instance:com.angola.testscripts.TC008@7d0b7e3c]" started-at="2022-11-28T20:24:29 IST" name="setup" finished-at="2022-11-28T20:24:34 IST" duration-ms="5373" status="PASS">
          <reporter-output>
          </reporter-output>
        </test-method> <!-- setup -->
        <test-method signature="AddCategories()[pri:8, instance:com.angola.testscripts.TC008@7d0b7e3c]" started-at="2022-11-28T20:24:34 IST" name="AddCategories" finished-at="2022-11-28T20:24:48 IST" duration-ms="13922" status="PASS">
          <reporter-output>
          </reporter-output>
        </test-method> <!-- AddCategories -->
        <test-method is-config="true" signature="logout()[pri:0, instance:com.angola.testscripts.TC008@7d0b7e3c]" started-at="2022-11-28T20:24:48 IST" name="logout" finished-at="2022-11-28T20:24:48 IST" duration-ms="303" status="PASS">
          <reporter-output>
          </reporter-output>
        </test-method> <!-- logout -->
      </class> <!-- com.angola.testscripts.TC008 -->
      <class name="com.angola.testscripts.TC009">
        <test-method is-config="true" signature="setup()[pri:0, instance:com.angola.testscripts.TC009@15bb5034]" started-at="2022-11-28T20:24:48 IST" name="setup" finished-at="2022-11-28T20:24:54 IST" duration-ms="5723" status="PASS">
          <reporter-output>
          </reporter-output>
        </test-method> <!-- setup -->
        <test-method signature="AddCategoryChecked()[pri:9, instance:com.angola.testscripts.TC009@15bb5034]" started-at="2022-11-28T20:24:54 IST" name="AddCategoryChecked" finished-at="2022-11-28T20:25:29 IST" duration-ms="35075" status="PASS">
          <reporter-output>
          </reporter-output>
        </test-method> <!-- AddCategoryChecked -->
        <test-method is-config="true" signature="logout()[pri:0, instance:com.angola.testscripts.TC009@15bb5034]" started-at="2022-11-28T20:25:29 IST" name="logout" finished-at="2022-11-28T20:25:29 IST" duration-ms="264" status="PASS">
          <reporter-output>
          </reporter-output>
        </test-method> <!-- logout -->
      </class> <!-- com.angola.testscripts.TC009 -->
    </test> <!-- Testscripts -->
  </suite> <!-- Testcases Result -->
</testng-results>
